Error : File : combined md files1\privacy-and-security.md doesn't exist
Error : File : combined md files1\ff075782-1303-4517-91cc-b3d730e9b9ae.md doesn't exist
Error : File : combined md files1\ac8b34b0-c186-4548-aa5b-896f5c4c4e07.md doesn't exist
Error : File : combined md files1\3e0e8ff6-66d6-44ff-b0c2-59108ebd9181.md doesn't exist
Error : File : combined md files1\733271c5-a2cc-41a2-b837-74ecf986b2cf.md doesn't exist
Error : File : combined md files1\eec76f9d-134a-4e88-b0c8-3d3067da2f61.md doesn't exist
Error : File : combined md files1\8ce3d78d-9ea7-41d1-a297-c4d212491609.md doesn't exist
Error : File : combined md files1\f7852781-922f-4499-9dd4-c266907a8c14.md doesn't exist
Error : File : combined md files1\6114a720-77c0-438f-9be9-4d9a3c970bd4.md doesn't exist
Error : File : combined md files1\145d9466-3c3d-4294-aa23-82068a8e7ae9.md doesn't exist
Error : File : combined md files1\260ef238-0be4-42d6-ba15-1249a8e2ff12.md doesn't exist
Error : File : combined md files1\69193ed4-e275-467f-9e3b-72efb2ae3893.md doesn't exist
Error : File : combined md files1\7313d32b-5345-4039-ac5d-a1ba0aef890b.md doesn't exist
Error : File : combined md files1\c66a6e6b-2e96-458f-8f8c-2a499fe942c9.md doesn't exist
Error : File : combined md files1\0ceb385c-a608-40cc-8314-78e39d6c75d0.md doesn't exist
Error : File : combined md files1\cd90836a-523e-42f5-ab02-5123cdf9fefe.md doesn't exist
Error : File : combined md files1\b19e21f8-76f5-44e1-9971-bef79cad4c71.md doesn't exist
Error : File : combined md files1\c190ecce-d10d-427e-8fa0-bbdf62ff7184.md doesn't exist
Error : An error has been encountered while moving file source: combined md files1\354086de-c1af-4f9d-b878-6b7498811927.md to output\excel\reference\name.mdAnd the error is The file 'output\excel\reference\name.md' already exists.
Error : An error has been encountered while moving file source: combined md files1\5777cb3f-4591-4913-b41a-76c11bec5c70.md to output\powerpoint\office-mix\walkthrough:-creating-your-first-lab-for-office-mix.mdAnd the error is The given path's format is not supported.
Error : An error has been encountered while moving file source: combined md files1\b27e70c3-d87d-4d27-85e0-103996273298.md to output\reference\javascript-api-for-office.mdAnd the error is The file 'output\reference\javascript-api-for-office.md' already exists.
Error : An error has been encountered while moving file source: combined md files1\538a5a4d-1ad7-4ea8-9598-f95b34ff4b07.md to output\reference\shared\customxmlpart-object\isundoredo-property.mdAnd the error is The file 'output\reference\shared\customxmlpart-object\isundoredo-property.md' already exists.
Error : An error has been encountered while moving file source: combined md files1\fdcd551e-0e44-44fb-b384-aea18b2f6f73.md to output\reference\shared\customxmlpart-object\isundoredo-property.mdAnd the error is The file 'output\reference\shared\customxmlpart-object\isundoredo-property.md' already exists.
Error : An error has been encountered while moving file source: combined md files1\60c9679b-db90-4bea-ba27-8d2002175567.md to output\reference\shared\customxmlpart-object\newnode-property.mdAnd the error is The file 'output\reference\shared\customxmlpart-object\newnode-property.md' already exists.
Error : An error has been encountered while moving file source: combined md files1\50a5c5cf-83b1-4d2f-ac2d-80f6d4f3945b.md to output\reference\shared\customxmlpart-object\oldnode-property.mdAnd the error is The file 'output\reference\shared\customxmlpart-object\oldnode-property.md' already exists.
Error : An error has been encountered while moving file source: combined md files1\a93b16cc-8164-4951-bccc-11700f2a3743.md to output\reference\manifest\requestedheight-element.mdAnd the error is The file 'output\reference\manifest\requestedheight-element.md' already exists.
Error : An error has been encountered while moving file source: combined md files1\a93b16cc-8164-4951-bccc-11700f2a3743.md to output\reference\manifest\requestedheight-element.mdAnd the error is The file 'output\reference\manifest\requestedheight-element.md' already exists.
